<?xml version="1.0" encoding="UTF-8"?>
<!-- Generated by org.testng.reporters.JUnitReportReporter -->
<testsuite skipped="0" hostname="Chetan" name="TestNG_Chetan.priorityTest" tests="3" failures="0" timestamp="30 May 2021 17:12:35 GMT" time="0.016" errors="0">
  <testcase name="don" time="0.000" classname="TestNG_Chetan.priorityTest"/>
  <testcase name="atTest" time="0.008" classname="TestNG_Chetan.priorityTest"/>
  <testcase name="ab" time="0.008" classname="TestNG_Chetan.priorityTest"/>
</testsuite> <!-- TestNG_Chetan.priorityTest -->
