<?xml version="1.0" encoding="UTF-8"?>
<!-- Generated by org.testng.reporters.JUnitReportReporter -->
<testsuite skipped="0" hostname="Chetan" name="TestNG_Chetan.sampleTC" tests="3" failures="0" timestamp="30 May 2021 16:19:46 GMT" time="0.027" errors="0">
  <testcase name="atTest" time="0.014" classname="TestNG_Chetan.sampleTC"/>
  <testcase name="don" time="0.004" classname="TestNG_Chetan.sampleTC"/>
  <testcase name="ab" time="0.009" classname="TestNG_Chetan.sampleTC"/>
</testsuite> <!-- TestNG_Chetan.sampleTC -->
