<?xml version="1.0" encoding="UTF-8"?>
<!-- Generated by org.testng.reporters.JUnitReportReporter -->
<testsuite skipped="0" hostname="Chetan" name="TestNG_Chetan.groupsTest" tests="2" failures="0" timestamp="30 May 2021 17:12:35 GMT" time="0.000" errors="0">
  <testcase name="atTest" time="0.000" classname="TestNG_Chetan.groupsTest"/>
  <testcase name="don" time="0.000" classname="TestNG_Chetan.groupsTest"/>
</testsuite> <!-- TestNG_Chetan.groupsTest -->
