<?xml version="1.0" encoding="UTF-8"?>
<!-- Generated by org.testng.reporters.JUnitReportReporter -->
<testsuite skipped="0" hostname="Chetan" name="TestNG_Chetan.dataProviderTest" tests="2" failures="0" timestamp="30 May 2021 17:26:55 GMT" time="0.008" errors="0">
  <testcase name="ab" time="0.008" classname="TestNG_Chetan.dataProviderTest"/>
  <testcase name="ab" time="0.000" classname="TestNG_Chetan.dataProviderTest"/>
</testsuite> <!-- TestNG_Chetan.dataProviderTest -->
